[2025-09-14 15:20:51 : INFO] - Cache for URL: http://localhost/techloom/?page_id=8 has been purged, triggered by action: save_post 
[2025-09-14 15:20:51 : INFO] - Cache for author page URL: http://localhost/techloom/?author=1 associated with post_type: page and Title: "Home" has been purged, triggered by action: save_post 
[2025-09-14 15:20:51 : INFO] - Cache for URL: http://localhost/techloom/?page_id=8 has been purged, triggered by action: save_post 
[2025-09-14 15:20:51 : INFO] - Cache for author page URL: http://localhost/techloom/?author=1 associated with post_type: page and Title: "Home" has been purged, triggered by action: save_post 
[2025-09-14 15:20:53 : INFO] - Cache for URL: http://localhost/techloom/?page_id=8 has been purged, triggered by action: save_post 
[2025-09-14 15:20:53 : INFO] - Cache for author page URL: http://localhost/techloom/?author=1 associated with post_type: page and Title: "Home" has been purged, triggered by action: save_post 
[2025-09-14 15:25:01 : INFO] - Cache for URL: http://localhost/techloom/?page_id=8 has been purged, triggered by action: save_post 
[2025-09-14 15:25:01 : INFO] - Cache for author page URL: http://localhost/techloom/?author=1 associated with post_type: page and Title: "Home" has been purged, triggered by action: save_post 
[2025-09-14 15:25:01 : INFO] - Cache for URL: http://localhost/techloom/?page_id=8 has been purged, triggered by action: save_post 
[2025-09-14 15:25:01 : INFO] - Cache for author page URL: http://localhost/techloom/?author=1 associated with post_type: page and Title: "Home" has been purged, triggered by action: save_post 
[2025-09-14 15:25:03 : INFO] - Cache for URL: http://localhost/techloom/?page_id=8 has been purged, triggered by action: save_post 
[2025-09-14 15:25:03 : INFO] - Cache for author page URL: http://localhost/techloom/?author=1 associated with post_type: page and Title: "Home" has been purged, triggered by action: save_post 
[2025-09-14 16:12:08 : INFO] - Cache for URL: http://localhost/techloom/?page_id=8 has been purged, triggered by action: save_post 
[2025-09-14 16:12:08 : INFO] - Cache for author page URL: http://localhost/techloom/?author=1 associated with post_type: page and Title: "Home" has been purged, triggered by action: save_post 
[2025-09-14 16:12:08 : INFO] - Cache for URL: http://localhost/techloom/?page_id=8 has been purged, triggered by action: save_post 
[2025-09-14 16:12:08 : INFO] - Cache for author page URL: http://localhost/techloom/?author=1 associated with post_type: page and Title: "Home" has been purged, triggered by action: save_post 
[2025-09-14 16:12:09 : INFO] - Cache for URL: http://localhost/techloom/?page_id=8 has been purged, triggered by action: save_post 
[2025-09-14 16:12:09 : INFO] - Cache for author page URL: http://localhost/techloom/?author=1 associated with post_type: page and Title: "Home" has been purged, triggered by action: save_post 
[2025-09-14 16:23:44 : INFO] - Cache for URL: http://localhost/techloom/?page_id=8 has been purged, triggered by action: save_post 
[2025-09-14 16:23:44 : INFO] - Cache for author page URL: http://localhost/techloom/?author=1 associated with post_type: page and Title: "Home" has been purged, triggered by action: save_post 
[2025-09-14 16:23:44 : INFO] - Cache for URL: http://localhost/techloom/?page_id=8 has been purged, triggered by action: save_post 
[2025-09-14 16:23:44 : INFO] - Cache for author page URL: http://localhost/techloom/?author=1 associated with post_type: page and Title: "Home" has been purged, triggered by action: save_post 
[2025-09-14 16:23:45 : INFO] - Cache for URL: http://localhost/techloom/?page_id=8 has been purged, triggered by action: save_post 
[2025-09-14 16:23:45 : INFO] - Cache for author page URL: http://localhost/techloom/?author=1 associated with post_type: page and Title: "Home" has been purged, triggered by action: save_post 
[2025-09-14 16:25:45 : INFO] - Cache for URL: http://localhost/techloom/?page_id=8 has been purged, triggered by action: save_post 
[2025-09-14 16:25:45 : INFO] - Cache for author page URL: http://localhost/techloom/?author=1 associated with post_type: page and Title: "Home" has been purged, triggered by action: save_post 
[2025-09-14 16:25:46 : INFO] - Cache for URL: http://localhost/techloom/?page_id=8 has been purged, triggered by action: save_post 
[2025-09-14 16:25:46 : INFO] - Cache for author page URL: http://localhost/techloom/?author=1 associated with post_type: page and Title: "Home" has been purged, triggered by action: save_post 
[2025-09-14 16:25:46 : INFO] - Cache for URL: http://localhost/techloom/?page_id=8 has been purged, triggered by action: save_post 
[2025-09-14 16:25:46 : INFO] - Cache for author page URL: http://localhost/techloom/?author=1 associated with post_type: page and Title: "Home" has been purged, triggered by action: save_post 
[2025-09-14 16:55:27 : INFO] - Cache for URL: http://localhost/techloom/?page_id=8 has been purged, triggered by action: save_post 
[2025-09-14 16:55:27 : INFO] - Cache for author page URL: http://localhost/techloom/?author=1 associated with post_type: page and Title: "Home" has been purged, triggered by action: save_post 
[2025-09-14 16:55:28 : INFO] - Cache for URL: http://localhost/techloom/?page_id=8 has been purged, triggered by action: save_post 
[2025-09-14 16:55:28 : INFO] - Cache for author page URL: http://localhost/techloom/?author=1 associated with post_type: page and Title: "Home" has been purged, triggered by action: save_post 
[2025-09-14 16:55:28 : INFO] - Cache for URL: http://localhost/techloom/?page_id=8 has been purged, triggered by action: save_post 
[2025-09-14 16:55:28 : INFO] - Cache for author page URL: http://localhost/techloom/?author=1 associated with post_type: page and Title: "Home" has been purged, triggered by action: save_post 
[2025-09-14 18:52:17 : INFO] - Cache for URL: http://localhost/techloom/?page_id=8 has been purged, triggered by action: save_post 
[2025-09-14 18:52:17 : INFO] - Cache for author page URL: http://localhost/techloom/?author=1 associated with post_type: page and Title: "Home" has been purged, triggered by action: save_post 
[2025-09-14 18:52:17 : INFO] - Cache for URL: http://localhost/techloom/?page_id=8 has been purged, triggered by action: save_post 
[2025-09-14 18:52:17 : INFO] - Cache for author page URL: http://localhost/techloom/?author=1 associated with post_type: page and Title: "Home" has been purged, triggered by action: save_post 
[2025-09-14 18:52:18 : INFO] - Cache for URL: http://localhost/techloom/?page_id=8 has been purged, triggered by action: save_post 
[2025-09-14 18:52:18 : INFO] - Cache for author page URL: http://localhost/techloom/?author=1 associated with post_type: page and Title: "Home" has been purged, triggered by action: save_post 
[2025-09-14 18:52:41 : INFO] - Cache for URL: http://localhost/techloom/?page_id=8 has been purged, triggered by action: save_post 
[2025-09-14 18:52:41 : INFO] - Cache for author page URL: http://localhost/techloom/?author=1 associated with post_type: page and Title: "Home" has been purged, triggered by action: save_post 
[2025-09-14 18:52:41 : INFO] - Cache for URL: http://localhost/techloom/?page_id=8 has been purged, triggered by action: save_post 
[2025-09-14 18:52:41 : INFO] - Cache for author page URL: http://localhost/techloom/?author=1 associated with post_type: page and Title: "Home" has been purged, triggered by action: save_post 
[2025-09-14 18:52:42 : INFO] - Cache for URL: http://localhost/techloom/?page_id=8 has been purged, triggered by action: save_post 
[2025-09-14 18:52:42 : INFO] - Cache for author page URL: http://localhost/techloom/?author=1 associated with post_type: page and Title: "Home" has been purged, triggered by action: save_post 
[2025-09-14 18:52:50 : INFO] - Cache for URL: http://localhost/techloom/?page_id=8 has been purged, triggered by action: save_post 
[2025-09-14 18:52:50 : INFO] - Cache for author page URL: http://localhost/techloom/?author=1 associated with post_type: page and Title: "Home" has been purged, triggered by action: save_post 
[2025-09-14 18:52:50 : INFO] - Cache for URL: http://localhost/techloom/?page_id=8 has been purged, triggered by action: save_post 
[2025-09-14 18:52:50 : INFO] - Cache for author page URL: http://localhost/techloom/?author=1 associated with post_type: page and Title: "Home" has been purged, triggered by action: save_post 
[2025-09-14 18:52:51 : INFO] - Cache for URL: http://localhost/techloom/?page_id=8 has been purged, triggered by action: save_post 
[2025-09-14 18:52:51 : INFO] - Cache for author page URL: http://localhost/techloom/?author=1 associated with post_type: page and Title: "Home" has been purged, triggered by action: save_post 
[2025-09-14 19:09:42 : INFO] - Cache for URL: http://localhost/techloom/?page_id=8 has been purged, triggered by action: save_post 
[2025-09-14 19:09:42 : INFO] - Cache for author page URL: http://localhost/techloom/?author=1 associated with post_type: page and Title: "Home" has been purged, triggered by action: save_post 
[2025-09-14 19:09:43 : INFO] - Cache for URL: http://localhost/techloom/?page_id=8 has been purged, triggered by action: save_post 
[2025-09-14 19:09:43 : INFO] - Cache for author page URL: http://localhost/techloom/?author=1 associated with post_type: page and Title: "Home" has been purged, triggered by action: save_post 
[2025-09-14 19:09:43 : INFO] - Cache for URL: http://localhost/techloom/?page_id=8 has been purged, triggered by action: save_post 
[2025-09-14 19:09:43 : INFO] - Cache for author page URL: http://localhost/techloom/?author=1 associated with post_type: page and Title: "Home" has been purged, triggered by action: save_post 
[2025-09-14 19:10:22 : INFO] - Cache for URL: http://localhost/techloom/?page_id=8 has been purged, triggered by action: save_post 
[2025-09-14 19:10:22 : INFO] - Cache for author page URL: http://localhost/techloom/?author=1 associated with post_type: page and Title: "Home" has been purged, triggered by action: save_post 
[2025-09-14 19:10:22 : INFO] - Cache for URL: http://localhost/techloom/?page_id=8 has been purged, triggered by action: save_post 
[2025-09-14 19:10:22 : INFO] - Cache for author page URL: http://localhost/techloom/?author=1 associated with post_type: page and Title: "Home" has been purged, triggered by action: save_post 
[2025-09-14 19:10:23 : INFO] - Cache for URL: http://localhost/techloom/?page_id=8 has been purged, triggered by action: save_post 
[2025-09-14 19:10:23 : INFO] - Cache for author page URL: http://localhost/techloom/?author=1 associated with post_type: page and Title: "Home" has been purged, triggered by action: save_post 
[2025-09-14 19:10:54 : INFO] - Cache for URL: http://localhost/techloom/?page_id=8 has been purged, triggered by action: save_post 
[2025-09-14 19:10:54 : INFO] - Cache for author page URL: http://localhost/techloom/?author=1 associated with post_type: page and Title: "Home" has been purged, triggered by action: save_post 
[2025-09-14 19:10:54 : INFO] - Cache for URL: http://localhost/techloom/?page_id=8 has been purged, triggered by action: save_post 
[2025-09-14 19:10:54 : INFO] - Cache for author page URL: http://localhost/techloom/?author=1 associated with post_type: page and Title: "Home" has been purged, triggered by action: save_post 
[2025-09-14 19:10:55 : INFO] - Cache for URL: http://localhost/techloom/?page_id=8 has been purged, triggered by action: save_post 
[2025-09-14 19:10:55 : INFO] - Cache for author page URL: http://localhost/techloom/?author=1 associated with post_type: page and Title: "Home" has been purged, triggered by action: save_post 
[2025-09-14 19:12:06 : INFO] - Cache for URL: http://localhost/techloom/?page_id=8 has been purged, triggered by action: save_post 
[2025-09-14 19:12:06 : INFO] - Cache for author page URL: http://localhost/techloom/?author=1 associated with post_type: page and Title: "Home" has been purged, triggered by action: save_post 
[2025-09-14 19:12:06 : INFO] - Cache for URL: http://localhost/techloom/?page_id=8 has been purged, triggered by action: save_post 
[2025-09-14 19:12:06 : INFO] - Cache for author page URL: http://localhost/techloom/?author=1 associated with post_type: page and Title: "Home" has been purged, triggered by action: save_post 
[2025-09-14 19:12:07 : INFO] - Cache for URL: http://localhost/techloom/?page_id=8 has been purged, triggered by action: save_post 
[2025-09-14 19:12:07 : INFO] - Cache for author page URL: http://localhost/techloom/?author=1 associated with post_type: page and Title: "Home" has been purged, triggered by action: save_post 
[2025-09-14 19:25:54 : INFO] - Cache for URL: http://localhost/techloom/?page_id=8 has been purged, triggered by action: save_post 
[2025-09-14 19:25:54 : INFO] - Cache for author page URL: http://localhost/techloom/?author=1 associated with post_type: page and Title: "Home" has been purged, triggered by action: save_post 
[2025-09-14 19:25:55 : INFO] - Cache for URL: http://localhost/techloom/?page_id=8 has been purged, triggered by action: save_post 
[2025-09-14 19:25:55 : INFO] - Cache for author page URL: http://localhost/techloom/?author=1 associated with post_type: page and Title: "Home" has been purged, triggered by action: save_post 
[2025-09-14 19:25:56 : INFO] - Cache for URL: http://localhost/techloom/?page_id=8 has been purged, triggered by action: save_post 
[2025-09-14 19:25:56 : INFO] - Cache for author page URL: http://localhost/techloom/?author=1 associated with post_type: page and Title: "Home" has been purged, triggered by action: save_post 
[2025-09-14 19:26:37 : INFO] - Cache for URL: http://localhost/techloom/?page_id=8 has been purged, triggered by action: save_post 
[2025-09-14 19:26:37 : INFO] - Cache for author page URL: http://localhost/techloom/?author=1 associated with post_type: page and Title: "Home" has been purged, triggered by action: save_post 
[2025-09-14 19:26:38 : INFO] - Cache for URL: http://localhost/techloom/?page_id=8 has been purged, triggered by action: save_post 
[2025-09-14 19:26:38 : INFO] - Cache for author page URL: http://localhost/techloom/?author=1 associated with post_type: page and Title: "Home" has been purged, triggered by action: save_post 
[2025-09-14 19:26:38 : INFO] - Cache for URL: http://localhost/techloom/?page_id=8 has been purged, triggered by action: save_post 
[2025-09-14 19:26:38 : INFO] - Cache for author page URL: http://localhost/techloom/?author=1 associated with post_type: page and Title: "Home" has been purged, triggered by action: save_post 
[2025-09-14 19:26:52 : INFO] - Cache for URL: http://localhost/techloom/?page_id=8 has been purged, triggered by action: save_post 
[2025-09-14 19:26:52 : INFO] - Cache for author page URL: http://localhost/techloom/?author=1 associated with post_type: page and Title: "Home" has been purged, triggered by action: save_post 
[2025-09-14 19:26:52 : INFO] - Cache for URL: http://localhost/techloom/?page_id=8 has been purged, triggered by action: save_post 
[2025-09-14 19:26:52 : INFO] - Cache for author page URL: http://localhost/techloom/?author=1 associated with post_type: page and Title: "Home" has been purged, triggered by action: save_post 
[2025-09-14 19:26:53 : INFO] - Cache for URL: http://localhost/techloom/?page_id=8 has been purged, triggered by action: save_post 
[2025-09-14 19:26:53 : INFO] - Cache for author page URL: http://localhost/techloom/?author=1 associated with post_type: page and Title: "Home" has been purged, triggered by action: save_post 
[2025-09-14 19:27:06 : INFO] - Cache for URL: http://localhost/techloom/?page_id=8 has been purged, triggered by action: save_post 
[2025-09-14 19:27:06 : INFO] - Cache for author page URL: http://localhost/techloom/?author=1 associated with post_type: page and Title: "Home" has been purged, triggered by action: save_post 
[2025-09-14 19:27:06 : INFO] - Cache for URL: http://localhost/techloom/?page_id=8 has been purged, triggered by action: save_post 
[2025-09-14 19:27:06 : INFO] - Cache for author page URL: http://localhost/techloom/?author=1 associated with post_type: page and Title: "Home" has been purged, triggered by action: save_post 
[2025-09-14 19:27:07 : INFO] - Cache for URL: http://localhost/techloom/?page_id=8 has been purged, triggered by action: save_post 
[2025-09-14 19:27:07 : INFO] - Cache for author page URL: http://localhost/techloom/?author=1 associated with post_type: page and Title: "Home" has been purged, triggered by action: save_post 
[2025-09-14 19:29:21 : INFO] - Cache for URL: http://localhost/techloom/?page_id=8 has been purged, triggered by action: save_post 
[2025-09-14 19:29:21 : INFO] - Cache for author page URL: http://localhost/techloom/?author=1 associated with post_type: page and Title: "Home" has been purged, triggered by action: save_post 
[2025-09-14 19:29:21 : INFO] - Cache for URL: http://localhost/techloom/?page_id=8 has been purged, triggered by action: save_post 
[2025-09-14 19:29:21 : INFO] - Cache for author page URL: http://localhost/techloom/?author=1 associated with post_type: page and Title: "Home" has been purged, triggered by action: save_post 
[2025-09-14 19:29:22 : INFO] - Cache for URL: http://localhost/techloom/?page_id=8 has been purged, triggered by action: save_post 
[2025-09-14 19:29:22 : INFO] - Cache for author page URL: http://localhost/techloom/?author=1 associated with post_type: page and Title: "Home" has been purged, triggered by action: save_post 
[2025-09-14 19:30:08 : INFO] - Cache for URL: http://localhost/techloom/?page_id=8 has been purged, triggered by action: save_post 
[2025-09-14 19:30:08 : INFO] - Cache for author page URL: http://localhost/techloom/?author=1 associated with post_type: page and Title: "Home" has been purged, triggered by action: save_post 
[2025-09-14 19:30:08 : INFO] - Cache for URL: http://localhost/techloom/?page_id=8 has been purged, triggered by action: save_post 
[2025-09-14 19:30:08 : INFO] - Cache for author page URL: http://localhost/techloom/?author=1 associated with post_type: page and Title: "Home" has been purged, triggered by action: save_post 
[2025-09-14 19:30:09 : INFO] - Cache for URL: http://localhost/techloom/?page_id=8 has been purged, triggered by action: save_post 
[2025-09-14 19:30:09 : INFO] - Cache for author page URL: http://localhost/techloom/?author=1 associated with post_type: page and Title: "Home" has been purged, triggered by action: save_post 
[2025-09-14 19:32:38 : INFO] - Cache for URL: http://localhost/techloom/?page_id=8 has been purged, triggered by action: save_post 
[2025-09-14 19:32:38 : INFO] - Cache for author page URL: http://localhost/techloom/?author=1 associated with post_type: page and Title: "Home" has been purged, triggered by action: save_post 
[2025-09-14 19:32:38 : INFO] - Cache for URL: http://localhost/techloom/?page_id=8 has been purged, triggered by action: save_post 
[2025-09-14 19:32:38 : INFO] - Cache for author page URL: http://localhost/techloom/?author=1 associated with post_type: page and Title: "Home" has been purged, triggered by action: save_post 
[2025-09-14 19:32:39 : INFO] - Cache for URL: http://localhost/techloom/?page_id=8 has been purged, triggered by action: save_post 
[2025-09-14 19:32:39 : INFO] - Cache for author page URL: http://localhost/techloom/?author=1 associated with post_type: page and Title: "Home" has been purged, triggered by action: save_post 
[2025-09-14 19:34:20 : INFO] - Cache for URL: http://localhost/techloom/?page_id=8 has been purged, triggered by action: save_post 
[2025-09-14 19:34:20 : INFO] - Cache for author page URL: http://localhost/techloom/?author=1 associated with post_type: page and Title: "Home" has been purged, triggered by action: save_post 
[2025-09-14 19:34:21 : INFO] - Cache for URL: http://localhost/techloom/?page_id=8 has been purged, triggered by action: save_post 
[2025-09-14 19:34:21 : INFO] - Cache for author page URL: http://localhost/techloom/?author=1 associated with post_type: page and Title: "Home" has been purged, triggered by action: save_post 
[2025-09-14 19:34:22 : INFO] - Cache for URL: http://localhost/techloom/?page_id=8 has been purged, triggered by action: save_post 
[2025-09-14 19:34:22 : INFO] - Cache for author page URL: http://localhost/techloom/?author=1 associated with post_type: page and Title: "Home" has been purged, triggered by action: save_post 
[2025-09-14 19:34:36 : INFO] - Cache for URL: http://localhost/techloom/?page_id=8 has been purged, triggered by action: save_post 
[2025-09-14 19:34:36 : INFO] - Cache for author page URL: http://localhost/techloom/?author=1 associated with post_type: page and Title: "Home" has been purged, triggered by action: save_post 
[2025-09-14 19:34:36 : INFO] - Cache for URL: http://localhost/techloom/?page_id=8 has been purged, triggered by action: save_post 
[2025-09-14 19:34:36 : INFO] - Cache for author page URL: http://localhost/techloom/?author=1 associated with post_type: page and Title: "Home" has been purged, triggered by action: save_post 
[2025-09-14 19:34:37 : INFO] - Cache for URL: http://localhost/techloom/?page_id=8 has been purged, triggered by action: save_post 
[2025-09-14 19:34:37 : INFO] - Cache for author page URL: http://localhost/techloom/?author=1 associated with post_type: page and Title: "Home" has been purged, triggered by action: save_post 
[2025-09-14 19:38:59 : INFO] - Cache for URL: http://localhost/techloom/?page_id=8 has been purged, triggered by action: save_post 
[2025-09-14 19:38:59 : INFO] - Cache for author page URL: http://localhost/techloom/?author=1 associated with post_type: page and Title: "Home" has been purged, triggered by action: save_post 
[2025-09-14 19:38:59 : INFO] - Cache for URL: http://localhost/techloom/?page_id=8 has been purged, triggered by action: save_post 
[2025-09-14 19:38:59 : INFO] - Cache for author page URL: http://localhost/techloom/?author=1 associated with post_type: page and Title: "Home" has been purged, triggered by action: save_post 
[2025-09-14 19:39:00 : INFO] - Cache for URL: http://localhost/techloom/?page_id=8 has been purged, triggered by action: save_post 
[2025-09-14 19:39:00 : INFO] - Cache for author page URL: http://localhost/techloom/?author=1 associated with post_type: page and Title: "Home" has been purged, triggered by action: save_post 
[2025-09-14 19:39:24 : INFO] - Cache for URL: http://localhost/techloom/?page_id=8 has been purged, triggered by action: save_post 
[2025-09-14 19:39:24 : INFO] - Cache for author page URL: http://localhost/techloom/?author=1 associated with post_type: page and Title: "Home" has been purged, triggered by action: save_post 
[2025-09-14 19:39:24 : INFO] - Cache for URL: http://localhost/techloom/?page_id=8 has been purged, triggered by action: save_post 
[2025-09-14 19:39:24 : INFO] - Cache for author page URL: http://localhost/techloom/?author=1 associated with post_type: page and Title: "Home" has been purged, triggered by action: save_post 
[2025-09-14 19:39:25 : INFO] - Cache for URL: http://localhost/techloom/?page_id=8 has been purged, triggered by action: save_post 
[2025-09-14 19:39:25 : INFO] - Cache for author page URL: http://localhost/techloom/?author=1 associated with post_type: page and Title: "Home" has been purged, triggered by action: save_post 
[2025-09-15 08:34:37 : INFO] - Cache for URL: http://localhost/techloom/?page_id=8 has been purged, triggered by action: save_post 
[2025-09-15 08:34:37 : INFO] - Cache for author page URL: http://localhost/techloom/?author=1 associated with post_type: page and Title: "Home" has been purged, triggered by action: save_post 
[2025-09-15 08:34:37 : INFO] - Cache for URL: http://localhost/techloom/?page_id=8 has been purged, triggered by action: save_post 
[2025-09-15 08:34:37 : INFO] - Cache for author page URL: http://localhost/techloom/?author=1 associated with post_type: page and Title: "Home" has been purged, triggered by action: save_post 
[2025-09-15 08:34:38 : INFO] - Cache for URL: http://localhost/techloom/?page_id=8 has been purged, triggered by action: save_post 
[2025-09-15 08:34:38 : INFO] - Cache for author page URL: http://localhost/techloom/?author=1 associated with post_type: page and Title: "Home" has been purged, triggered by action: save_post 
[2025-09-15 08:37:18 : INFO] - Cache for URL: http://localhost/techloom/?page_id=8 has been purged, triggered by action: save_post 
[2025-09-15 08:37:18 : INFO] - Cache for author page URL: http://localhost/techloom/?author=1 associated with post_type: page and Title: "Home" has been purged, triggered by action: save_post 
[2025-09-15 08:37:18 : INFO] - Cache for URL: http://localhost/techloom/?page_id=8 has been purged, triggered by action: save_post 
[2025-09-15 08:37:18 : INFO] - Cache for author page URL: http://localhost/techloom/?author=1 associated with post_type: page and Title: "Home" has been purged, triggered by action: save_post 
[2025-09-15 08:37:19 : INFO] - Cache for URL: http://localhost/techloom/?page_id=8 has been purged, triggered by action: save_post 
[2025-09-15 08:37:19 : INFO] - Cache for author page URL: http://localhost/techloom/?author=1 associated with post_type: page and Title: "Home" has been purged, triggered by action: save_post 
[2025-09-15 08:42:11 : INFO] - Cache for URL: http://localhost/techloom/?page_id=8 has been purged, triggered by action: save_post 
[2025-09-15 08:42:11 : INFO] - Cache for author page URL: http://localhost/techloom/?author=1 associated with post_type: page and Title: "Home" has been purged, triggered by action: save_post 
[2025-09-15 08:42:11 : INFO] - Cache for URL: http://localhost/techloom/?page_id=8 has been purged, triggered by action: save_post 
[2025-09-15 08:42:11 : INFO] - Cache for author page URL: http://localhost/techloom/?author=1 associated with post_type: page and Title: "Home" has been purged, triggered by action: save_post 
[2025-09-15 08:42:12 : INFO] - Cache for URL: http://localhost/techloom/?page_id=8 has been purged, triggered by action: save_post 
[2025-09-15 08:42:12 : INFO] - Cache for author page URL: http://localhost/techloom/?author=1 associated with post_type: page and Title: "Home" has been purged, triggered by action: save_post 
[2025-09-15 09:06:11 : INFO] - Cache for URL: http://localhost/techloom/?page_id=8 has been purged, triggered by action: save_post 
[2025-09-15 09:06:11 : INFO] - Cache for author page URL: http://localhost/techloom/?author=1 associated with post_type: page and Title: "Home" has been purged, triggered by action: save_post 
[2025-09-15 09:06:12 : INFO] - Cache for URL: http://localhost/techloom/?page_id=8 has been purged, triggered by action: save_post 
[2025-09-15 09:06:12 : INFO] - Cache for author page URL: http://localhost/techloom/?author=1 associated with post_type: page and Title: "Home" has been purged, triggered by action: save_post 
[2025-09-15 09:06:13 : INFO] - Cache for URL: http://localhost/techloom/?page_id=8 has been purged, triggered by action: save_post 
[2025-09-15 09:06:13 : INFO] - Cache for author page URL: http://localhost/techloom/?author=1 associated with post_type: page and Title: "Home" has been purged, triggered by action: save_post 
[2025-09-15 09:06:42 : INFO] - Cache for URL: http://localhost/techloom/?page_id=8 has been purged, triggered by action: save_post 
[2025-09-15 09:06:42 : INFO] - Cache for author page URL: http://localhost/techloom/?author=1 associated with post_type: page and Title: "Home" has been purged, triggered by action: save_post 
[2025-09-15 09:06:43 : INFO] - Cache for URL: http://localhost/techloom/?page_id=8 has been purged, triggered by action: save_post 
[2025-09-15 09:06:43 : INFO] - Cache for author page URL: http://localhost/techloom/?author=1 associated with post_type: page and Title: "Home" has been purged, triggered by action: save_post 
[2025-09-15 09:06:44 : INFO] - Cache for URL: http://localhost/techloom/?page_id=8 has been purged, triggered by action: save_post 
[2025-09-15 09:06:44 : INFO] - Cache for author page URL: http://localhost/techloom/?author=1 associated with post_type: page and Title: "Home" has been purged, triggered by action: save_post 
[2025-09-15 09:07:18 : INFO] - Cache for URL: http://localhost/techloom/?page_id=8 has been purged, triggered by action: save_post 
[2025-09-15 09:07:18 : INFO] - Cache for author page URL: http://localhost/techloom/?author=1 associated with post_type: page and Title: "Home" has been purged, triggered by action: save_post 
[2025-09-15 09:07:18 : INFO] - Cache for URL: http://localhost/techloom/?page_id=8 has been purged, triggered by action: save_post 
[2025-09-15 09:07:18 : INFO] - Cache for author page URL: http://localhost/techloom/?author=1 associated with post_type: page and Title: "Home" has been purged, triggered by action: save_post 
[2025-09-15 09:07:19 : INFO] - Cache for URL: http://localhost/techloom/?page_id=8 has been purged, triggered by action: save_post 
[2025-09-15 09:07:19 : INFO] - Cache for author page URL: http://localhost/techloom/?author=1 associated with post_type: page and Title: "Home" has been purged, triggered by action: save_post 
[2025-09-15 09:07:53 : INFO] - Cache for URL: http://localhost/techloom/?page_id=8 has been purged, triggered by action: save_post 
[2025-09-15 09:07:53 : INFO] - Cache for author page URL: http://localhost/techloom/?author=1 associated with post_type: page and Title: "Home" has been purged, triggered by action: save_post 
[2025-09-15 09:07:54 : INFO] - Cache for URL: http://localhost/techloom/?page_id=8 has been purged, triggered by action: save_post 
[2025-09-15 09:07:54 : INFO] - Cache for author page URL: http://localhost/techloom/?author=1 associated with post_type: page and Title: "Home" has been purged, triggered by action: save_post 
[2025-09-15 09:07:55 : INFO] - Cache for URL: http://localhost/techloom/?page_id=8 has been purged, triggered by action: save_post 
[2025-09-15 09:07:55 : INFO] - Cache for author page URL: http://localhost/techloom/?author=1 associated with post_type: page and Title: "Home" has been purged, triggered by action: save_post 
[2025-09-15 09:08:08 : INFO] - Cache for URL: http://localhost/techloom/?page_id=8 has been purged, triggered by action: save_post 
[2025-09-15 09:08:08 : INFO] - Cache for author page URL: http://localhost/techloom/?author=1 associated with post_type: page and Title: "Home" has been purged, triggered by action: save_post 
[2025-09-15 09:08:09 : INFO] - Cache for URL: http://localhost/techloom/?page_id=8 has been purged, triggered by action: save_post 
[2025-09-15 09:08:09 : INFO] - Cache for author page URL: http://localhost/techloom/?author=1 associated with post_type: page and Title: "Home" has been purged, triggered by action: save_post 
[2025-09-15 09:08:09 : INFO] - Cache for URL: http://localhost/techloom/?page_id=8 has been purged, triggered by action: save_post 
[2025-09-15 09:08:09 : INFO] - Cache for author page URL: http://localhost/techloom/?author=1 associated with post_type: page and Title: "Home" has been purged, triggered by action: save_post 
[2025-09-15 09:08:40 : INFO] - Cache for URL: http://localhost/techloom/?page_id=8 has been purged, triggered by action: save_post 
[2025-09-15 09:08:40 : INFO] - Cache for author page URL: http://localhost/techloom/?author=1 associated with post_type: page and Title: "Home" has been purged, triggered by action: save_post 
[2025-09-15 09:08:40 : INFO] - Cache for URL: http://localhost/techloom/?page_id=8 has been purged, triggered by action: save_post 
[2025-09-15 09:08:40 : INFO] - Cache for author page URL: http://localhost/techloom/?author=1 associated with post_type: page and Title: "Home" has been purged, triggered by action: save_post 
[2025-09-15 09:08:41 : INFO] - Cache for URL: http://localhost/techloom/?page_id=8 has been purged, triggered by action: save_post 
[2025-09-15 09:08:41 : INFO] - Cache for author page URL: http://localhost/techloom/?author=1 associated with post_type: page and Title: "Home" has been purged, triggered by action: save_post 
[2025-09-15 09:09:50 : INFO] - Cache for URL: http://localhost/techloom/?page_id=8 has been purged, triggered by action: save_post 
[2025-09-15 09:09:50 : INFO] - Cache for author page URL: http://localhost/techloom/?author=1 associated with post_type: page and Title: "Home" has been purged, triggered by action: save_post 
[2025-09-15 09:09:50 : INFO] - Cache for URL: http://localhost/techloom/?page_id=8 has been purged, triggered by action: save_post 
[2025-09-15 09:09:50 : INFO] - Cache for author page URL: http://localhost/techloom/?author=1 associated with post_type: page and Title: "Home" has been purged, triggered by action: save_post 
[2025-09-15 09:09:51 : INFO] - Cache for URL: http://localhost/techloom/?page_id=8 has been purged, triggered by action: save_post 
[2025-09-15 09:09:51 : INFO] - Cache for author page URL: http://localhost/techloom/?author=1 associated with post_type: page and Title: "Home" has been purged, triggered by action: save_post 
[2025-09-15 09:11:48 : INFO] - Cache for URL: http://localhost/techloom/?page_id=8 has been purged, triggered by action: save_post 
[2025-09-15 09:11:48 : INFO] - Cache for author page URL: http://localhost/techloom/?author=1 associated with post_type: page and Title: "Home" has been purged, triggered by action: save_post 
[2025-09-15 09:11:49 : INFO] - Cache for URL: http://localhost/techloom/?page_id=8 has been purged, triggered by action: save_post 
[2025-09-15 09:11:49 : INFO] - Cache for author page URL: http://localhost/techloom/?author=1 associated with post_type: page and Title: "Home" has been purged, triggered by action: save_post 
[2025-09-15 09:11:50 : INFO] - Cache for URL: http://localhost/techloom/?page_id=8 has been purged, triggered by action: save_post 
[2025-09-15 09:11:50 : INFO] - Cache for author page URL: http://localhost/techloom/?author=1 associated with post_type: page and Title: "Home" has been purged, triggered by action: save_post 
[2025-09-15 09:12:14 : INFO] - Cache for URL: http://localhost/techloom/?page_id=8 has been purged, triggered by action: save_post 
[2025-09-15 09:12:14 : INFO] - Cache for author page URL: http://localhost/techloom/?author=1 associated with post_type: page and Title: "Home" has been purged, triggered by action: save_post 
[2025-09-15 09:12:14 : INFO] - Cache for URL: http://localhost/techloom/?page_id=8 has been purged, triggered by action: save_post 
[2025-09-15 09:12:14 : INFO] - Cache for author page URL: http://localhost/techloom/?author=1 associated with post_type: page and Title: "Home" has been purged, triggered by action: save_post 
[2025-09-15 09:12:15 : INFO] - Cache for URL: http://localhost/techloom/?page_id=8 has been purged, triggered by action: save_post 
[2025-09-15 09:12:15 : INFO] - Cache for author page URL: http://localhost/techloom/?author=1 associated with post_type: page and Title: "Home" has been purged, triggered by action: save_post 
[2025-09-15 09:23:51 : INFO] - Cache for URL: http://localhost/techloom/?elementor_library=elementor-header-83 has been purged, triggered by action: save_post 
[2025-09-15 09:23:51 : INFO] - Cache for author page URL: http://localhost/techloom/?author=1 associated with post_type: elementor_library and Title: "Elementor Header #83" has been purged, triggered by action: save_post 
[2025-09-15 09:23:52 : INFO] - Cache for URL: http://localhost/techloom/?elementor_library=elementor-header-83 has been purged, triggered by action: save_post 
[2025-09-15 09:23:52 : INFO] - Cache for author page URL: http://localhost/techloom/?author=1 associated with post_type: elementor_library and Title: "Elementor Header #83" has been purged, triggered by action: save_post 
[2025-09-15 09:23:52 : INFO] - Cache for URL: http://localhost/techloom/?elementor_library=elementor-header-83 has been purged, triggered by action: save_post 
[2025-09-15 09:23:52 : INFO] - Cache for author page URL: http://localhost/techloom/?author=1 associated with post_type: elementor_library and Title: "Elementor Header #83" has been purged, triggered by action: save_post 
[2025-09-15 09:23:52 : INFO] - Cache for multiple term taxonomy have been purged due to post terms update, triggered by action: set_object_terms 
[2025-09-15 09:24:18 : INFO] - Cache for URL: http://localhost/techloom/?elementor_library=elementor-header-83 has been purged, triggered by action: save_post 
[2025-09-15 09:24:18 : INFO] - Cache for author page URL: http://localhost/techloom/?author=1 associated with post_type: elementor_library and Title: "Elementor Header #83" has been purged, triggered by action: save_post 
[2025-09-15 09:24:18 : INFO] - Cache for URL: http://localhost/techloom/?elementor_library=elementor-header-83 has been purged, triggered by action: save_post 
[2025-09-15 09:24:18 : INFO] - Cache for author page URL: http://localhost/techloom/?author=1 associated with post_type: elementor_library and Title: "Elementor Header #83" has been purged, triggered by action: save_post 
[2025-09-15 09:24:19 : INFO] - Cache for URL: http://localhost/techloom/?elementor_library=elementor-header-83 has been purged, triggered by action: save_post 
[2025-09-15 09:24:19 : INFO] - Cache for author page URL: http://localhost/techloom/?author=1 associated with post_type: elementor_library and Title: "Elementor Header #83" has been purged, triggered by action: save_post 
[2025-09-15 09:24:19 : INFO] - Cache for multiple term taxonomy have been purged due to post terms update, triggered by action: set_object_terms 
[2025-09-15 09:25:17 : INFO] - Cache for URL: http://localhost/techloom/?elementor_library=elementor-header-83 has been purged, triggered by action: save_post 
[2025-09-15 09:25:17 : INFO] - Cache for author page URL: http://localhost/techloom/?author=1 associated with post_type: elementor_library and Title: "Elementor Header #83" has been purged, triggered by action: save_post 
[2025-09-15 09:25:17 : INFO] - Cache for URL: http://localhost/techloom/?elementor_library=elementor-header-83 has been purged, triggered by action: save_post 
[2025-09-15 09:25:17 : INFO] - Cache for author page URL: http://localhost/techloom/?author=1 associated with post_type: elementor_library and Title: "Elementor Header #83" has been purged, triggered by action: save_post 
[2025-09-15 09:25:18 : INFO] - Cache for URL: http://localhost/techloom/?elementor_library=elementor-header-83 has been purged, triggered by action: save_post 
[2025-09-15 09:25:18 : INFO] - Cache for author page URL: http://localhost/techloom/?author=1 associated with post_type: elementor_library and Title: "Elementor Header #83" has been purged, triggered by action: save_post 
[2025-09-15 09:25:18 : INFO] - Cache for multiple term taxonomy have been purged due to post terms update, triggered by action: set_object_terms 
[2025-09-15 09:26:21 : INFO] - Cache for URL: http://localhost/techloom/?elementor_library=elementor-header-83 has been purged, triggered by action: save_post 
[2025-09-15 09:26:21 : INFO] - Cache for author page URL: http://localhost/techloom/?author=1 associated with post_type: elementor_library and Title: "Elementor Header #83" has been purged, triggered by action: save_post 
[2025-09-15 09:26:21 : INFO] - Cache for URL: http://localhost/techloom/?elementor_library=elementor-header-83 has been purged, triggered by action: save_post 
[2025-09-15 09:26:21 : INFO] - Cache for author page URL: http://localhost/techloom/?author=1 associated with post_type: elementor_library and Title: "Elementor Header #83" has been purged, triggered by action: save_post 
[2025-09-15 09:26:22 : INFO] - Cache for URL: http://localhost/techloom/?elementor_library=elementor-header-83 has been purged, triggered by action: save_post 
[2025-09-15 09:26:22 : INFO] - Cache for author page URL: http://localhost/techloom/?author=1 associated with post_type: elementor_library and Title: "Elementor Header #83" has been purged, triggered by action: save_post 
[2025-09-15 09:26:22 : INFO] - Cache for multiple term taxonomy have been purged due to post terms update, triggered by action: set_object_terms 
[2025-09-15 09:27:03 : INFO] - Cache for URL: http://localhost/techloom/?elementor_library=elementor-header-83 has been purged, triggered by action: save_post 
[2025-09-15 09:27:03 : INFO] - Cache for author page URL: http://localhost/techloom/?author=1 associated with post_type: elementor_library and Title: "Elementor Header #83" has been purged, triggered by action: save_post 
[2025-09-15 09:27:03 : INFO] - Cache for URL: http://localhost/techloom/?elementor_library=elementor-header-83 has been purged, triggered by action: save_post 
[2025-09-15 09:27:03 : INFO] - Cache for author page URL: http://localhost/techloom/?author=1 associated with post_type: elementor_library and Title: "Elementor Header #83" has been purged, triggered by action: save_post 
[2025-09-15 09:27:03 : INFO] - Cache for URL: http://localhost/techloom/?elementor_library=elementor-header-83 has been purged, triggered by action: save_post 
[2025-09-15 09:27:03 : INFO] - Cache for author page URL: http://localhost/techloom/?author=1 associated with post_type: elementor_library and Title: "Elementor Header #83" has been purged, triggered by action: save_post 
[2025-09-15 09:27:03 : INFO] - Cache for multiple term taxonomy have been purged due to post terms update, triggered by action: set_object_terms 
[2025-09-15 09:27:24 : INFO] - Cache for URL: http://localhost/techloom/?elementor_library=elementor-header-83 has been purged, triggered by action: save_post 
[2025-09-15 09:27:24 : INFO] - Cache for author page URL: http://localhost/techloom/?author=1 associated with post_type: elementor_library and Title: "Elementor Header #83" has been purged, triggered by action: save_post 
[2025-09-15 09:27:24 : INFO] - Cache for URL: http://localhost/techloom/?elementor_library=elementor-header-83 has been purged, triggered by action: save_post 
[2025-09-15 09:27:24 : INFO] - Cache for author page URL: http://localhost/techloom/?author=1 associated with post_type: elementor_library and Title: "Elementor Header #83" has been purged, triggered by action: save_post 
[2025-09-15 09:27:25 : INFO] - Cache for URL: http://localhost/techloom/?elementor_library=elementor-header-83 has been purged, triggered by action: save_post 
[2025-09-15 09:27:25 : INFO] - Cache for author page URL: http://localhost/techloom/?author=1 associated with post_type: elementor_library and Title: "Elementor Header #83" has been purged, triggered by action: save_post 
[2025-09-15 09:27:25 : INFO] - Cache for multiple term taxonomy have been purged due to post terms update, triggered by action: set_object_terms 
[2025-09-15 09:28:20 : INFO] - Cache for URL: http://localhost/techloom/?elementor_library=elementor-header-83 has been purged, triggered by action: save_post 
[2025-09-15 09:28:20 : INFO] - Cache for author page URL: http://localhost/techloom/?author=1 associated with post_type: elementor_library and Title: "Elementor Header #83" has been purged, triggered by action: save_post 
[2025-09-15 09:28:20 : INFO] - Cache for URL: http://localhost/techloom/?elementor_library=elementor-header-83 has been purged, triggered by action: save_post 
[2025-09-15 09:28:20 : INFO] - Cache for author page URL: http://localhost/techloom/?author=1 associated with post_type: elementor_library and Title: "Elementor Header #83" has been purged, triggered by action: save_post 
[2025-09-15 09:28:21 : INFO] - Cache for URL: http://localhost/techloom/?elementor_library=elementor-header-83 has been purged, triggered by action: save_post 
[2025-09-15 09:28:21 : INFO] - Cache for author page URL: http://localhost/techloom/?author=1 associated with post_type: elementor_library and Title: "Elementor Header #83" has been purged, triggered by action: save_post 
[2025-09-15 09:28:21 : INFO] - Cache for multiple term taxonomy have been purged due to post terms update, triggered by action: set_object_terms 
[2025-09-15 09:31:33 : INFO] - Cache for URL: http://localhost/techloom/?elementor_library=elementor-footer-110 has been purged, triggered by action: save_post 
[2025-09-15 09:31:33 : INFO] - Cache for author page URL: http://localhost/techloom/?author=1 associated with post_type: elementor_library and Title: "Elementor Footer #110" has been purged, triggered by action: save_post 
[2025-09-15 09:31:33 : INFO] - Cache for URL: http://localhost/techloom/?elementor_library=elementor-footer-110 has been purged, triggered by action: save_post 
[2025-09-15 09:31:33 : INFO] - Cache for author page URL: http://localhost/techloom/?author=1 associated with post_type: elementor_library and Title: "Elementor Footer #110" has been purged, triggered by action: save_post 
[2025-09-15 09:31:34 : INFO] - Cache for URL: http://localhost/techloom/?elementor_library=elementor-footer-110 has been purged, triggered by action: save_post 
[2025-09-15 09:31:34 : INFO] - Cache for author page URL: http://localhost/techloom/?author=1 associated with post_type: elementor_library and Title: "Elementor Footer #110" has been purged, triggered by action: save_post 
[2025-09-15 09:31:34 : INFO] - Cache for multiple term taxonomy have been purged due to post terms update, triggered by action: set_object_terms 
[2025-09-15 10:36:38 : INFO] - Cache for URL: http://localhost/techloom/?page_id=8 has been purged, triggered by action: save_post 
[2025-09-15 10:36:38 : INFO] - Cache for author page URL: http://localhost/techloom/?author=1 associated with post_type: page and Title: "Home" has been purged, triggered by action: save_post 
[2025-09-15 10:36:39 : INFO] - Cache for URL: http://localhost/techloom/?page_id=8 has been purged, triggered by action: save_post 
[2025-09-15 10:36:39 : INFO] - Cache for author page URL: http://localhost/techloom/?author=1 associated with post_type: page and Title: "Home" has been purged, triggered by action: save_post 
[2025-09-15 10:36:40 : INFO] - Cache for URL: http://localhost/techloom/?page_id=8 has been purged, triggered by action: save_post 
[2025-09-15 10:36:40 : INFO] - Cache for author page URL: http://localhost/techloom/?author=1 associated with post_type: page and Title: "Home" has been purged, triggered by action: save_post 
[2025-09-15 10:37:14 : INFO] - Cache for URL: http://localhost/techloom/?page_id=8 has been purged, triggered by action: save_post 
[2025-09-15 10:37:14 : INFO] - Cache for author page URL: http://localhost/techloom/?author=1 associated with post_type: page and Title: "Home" has been purged, triggered by action: save_post 
[2025-09-15 10:37:15 : INFO] - Cache for URL: http://localhost/techloom/?page_id=8 has been purged, triggered by action: save_post 
[2025-09-15 10:37:15 : INFO] - Cache for author page URL: http://localhost/techloom/?author=1 associated with post_type: page and Title: "Home" has been purged, triggered by action: save_post 
[2025-09-15 10:37:16 : INFO] - Cache for URL: http://localhost/techloom/?page_id=8 has been purged, triggered by action: save_post 
[2025-09-15 10:37:16 : INFO] - Cache for author page URL: http://localhost/techloom/?author=1 associated with post_type: page and Title: "Home" has been purged, triggered by action: save_post 
[2025-09-15 10:39:23 : INFO] - Cache for URL: http://localhost/techloom/?page_id=8 has been purged, triggered by action: save_post 
[2025-09-15 10:39:23 : INFO] - Cache for author page URL: http://localhost/techloom/?author=1 associated with post_type: page and Title: "Home" has been purged, triggered by action: save_post 
[2025-09-15 10:39:24 : INFO] - Cache for URL: http://localhost/techloom/?page_id=8 has been purged, triggered by action: save_post 
[2025-09-15 10:39:24 : INFO] - Cache for author page URL: http://localhost/techloom/?author=1 associated with post_type: page and Title: "Home" has been purged, triggered by action: save_post 
[2025-09-15 10:39:25 : INFO] - Cache for URL: http://localhost/techloom/?page_id=8 has been purged, triggered by action: save_post 
[2025-09-15 10:39:25 : INFO] - Cache for author page URL: http://localhost/techloom/?author=1 associated with post_type: page and Title: "Home" has been purged, triggered by action: save_post 
